# JRE version: OpenJDK Runtime Environment (17.0.7) (build 17.0.7+0-b2043.56-10550314)
# Java VM: OpenJDK 64-Bit Server VM (17.0.7+0-b2043.56-10550314, mixed mode, tiered, compressed oops, compressed class ptrs, g1 gc, windows-amd64)
GC Precious Log:
 CPUs: 8 total, 8 available
 Memory: 20354M
 Large Page Support: Disabled
 NUMA Support: Disabled
 Compressed Oops: Enabled (32-bit)
 Heap Region Size: 1M
 Heap Min Capacity: 8M
 Heap Initial Capacity: 320M
 Heap Max Capacity: 1536M
 Pre-touch: Disabled
 Parallel Workers: 8
 Concurrent Workers: 2
 Concurrent Refinement Workers: 8
 Periodic GC: Disabled
Heap:
 garbage-first heap   total 227328K, used 172522K [0x00000000a0000000, 0x0000000100000000)
  region size 1024K, 72 young (73728K), 11 survivors (11264K)
 Metaspace       used 103368K, committed 104320K, reserved 1179648K
  class space    used 14109K, committed 14528K, reserved 1048576K
GC Heap History (20 events):
Event: 35.489 GC heap before
{Heap before GC invocations=27 (full 0):
 garbage-first heap   total 129024K, used 105007K [0x00000000a0000000, 0x0000000100000000)
  region size 1024K, 38 young (38912K), 1 survivors (1024K)
 Metaspace       used 80491K, committed 81088K, reserved 1179648K
  class space    used 10808K, committed 11072K, reserved 1048576K
}
Event: 35.497 GC heap after
{Heap after GC invocations=28 (full 0):
 garbage-first heap   total 129024K, used 68153K [0x00000000a0000000, 0x0000000100000000)
  region size 1024K, 3 young (3072K), 3 survivors (3072K)
 Metaspace       used 80491K, committed 81088K, reserved 1179648K
  class space    used 10808K, committed 11072K, reserved 1048576K
}
Event: 35.551 GC heap before
{Heap before GC invocations=28 (full 0):
 garbage-first heap   total 129024K, used 71225K [0x00000000a0000000, 0x0000000100000000)
  region size 1024K, 6 young (6144K), 3 survivors (3072K)
 Metaspace       used 80506K, committed 81088K, reserved 1179648K
  class space    used 10810K, committed 11072K, reserved 1048576K
}
Event: 35.559 GC heap after
{Heap after GC invocations=29 (full 0):
 garbage-first heap   total 129024K, used 68576K [0x00000000a0000000, 0x0000000100000000)
  region size 1024K, 1 young (1024K), 1 survivors (1024K)
 Metaspace       used 80506K, committed 81088K, reserved 1179648K
  class space    used 10810K, committed 11072K, reserved 1048576K
}
Event: 36.449 GC heap before
{Heap before GC invocations=29 (full 0):
 garbage-first heap   total 129024K, used 105440K [0x00000000a0000000, 0x0000000100000000)
  region size 1024K, 37 young (37888K), 1 survivors (1024K)
 Metaspace       used 80945K, committed 81600K, reserved 1179648K
  class space    used 10894K, committed 11200K, reserved 1048576K
}
Event: 36.453 GC heap after
{Heap after GC invocations=30 (full 0):
 garbage-first heap   total 129024K, used 70533K [0x00000000a0000000, 0x0000000100000000)
  region size 1024K, 3 young (3072K), 3 survivors (3072K)
 Metaspace       used 80945K, committed 81600K, reserved 1179648K
  class space    used 10894K, committed 11200K, reserved 1048576K
}
Event: 37.651 GC heap before
{Heap before GC invocations=31 (full 0):
 garbage-first heap   total 129024K, used 106373K [0x00000000a0000000, 0x0000000100000000)
  region size 1024K, 38 young (38912K), 3 survivors (3072K)
 Metaspace       used 81144K, committed 81792K, reserved 1179648K
  class space    used 10924K, committed 11200K, reserved 1048576K
}
Event: 37.666 GC heap after
{Heap after GC invocations=32 (full 0):
 garbage-first heap   total 129024K, used 73034K [0x00000000a0000000, 0x0000000100000000)
  region size 1024K, 5 young (5120K), 5 survivors (5120K)
 Metaspace       used 81144K, committed 81792K, reserved 1179648K
  class space    used 10924K, committed 11200K, reserved 1048576K
}
Event: 37.761 GC heap before
{Heap before GC invocations=32 (full 0):
 garbage-first heap   total 129024K, used 74058K [0x00000000a0000000, 0x0000000100000000)
  region size 1024K, 6 young (6144K), 5 survivors (5120K)
 Metaspace       used 81172K, committed 81792K, reserved 1179648K
  class space    used 10928K, committed 11200K, reserved 1048576K
}
Event: 37.768 GC heap after
{Heap after GC invocations=33 (full 0):
 garbage-first heap   total 129024K, used 73153K [0x00000000a0000000, 0x0000000100000000)
  region size 1024K, 1 young (1024K), 1 survivors (1024K)
 Metaspace       used 81172K, committed 81792K, reserved 1179648K
  class space    used 10928K, committed 11200K, reserved 1048576K
}
Event: 39.512 GC heap before
{Heap before GC invocations=33 (full 0):
 garbage-first heap   total 129024K, used 106945K [0x00000000a0000000, 0x0000000100000000)
  region size 1024K, 34 young (34816K), 1 survivors (1024K)
 Metaspace       used 84179K, committed 84864K, reserved 1179648K
  class space    used 11375K, committed 11648K, reserved 1048576K
}
Event: 39.518 GC heap after
{Heap after GC invocations=34 (full 0):
 garbage-first heap   total 227328K, used 75190K [0x00000000a0000000, 0x0000000100000000)
  region size 1024K, 3 young (3072K), 3 survivors (3072K)
 Metaspace       used 84179K, committed 84864K, reserved 1179648K
  class space    used 11375K, committed 11648K, reserved 1048576K
}
Event: 44.119 GC heap before
{Heap before GC invocations=35 (full 0):
 garbage-first heap   total 227328K, used 177590K [0x00000000a0000000, 0x0000000100000000)
  region size 1024K, 104 young (106496K), 3 survivors (3072K)
 Metaspace       used 89749K, committed 90432K, reserved 1179648K
  class space    used 12268K, committed 12544K, reserved 1048576K
}
Event: 44.134 GC heap after
{Heap after GC invocations=36 (full 0):
 garbage-first heap   total 227328K, used 83678K [0x00000000a0000000, 0x0000000100000000)
  region size 1024K, 11 young (11264K), 11 survivors (11264K)
 Metaspace       used 89749K, committed 90432K, reserved 1179648K
  class space    used 12268K, committed 12544K, reserved 1048576K
}
Event: 44.172 GC heap before
{Heap before GC invocations=36 (full 0):
 garbage-first heap   total 227328K, used 84702K [0x00000000a0000000, 0x0000000100000000)
  region size 1024K, 12 young (12288K), 11 survivors (11264K)
 Metaspace       used 89762K, committed 90432K, reserved 1179648K
  class space    used 12268K, committed 12544K, reserved 1048576K
}
Event: 44.185 GC heap after
{Heap after GC invocations=37 (full 0):
 garbage-first heap   total 227328K, used 84627K [0x00000000a0000000, 0x0000000100000000)
  region size 1024K, 2 young (2048K), 2 survivors (2048K)
 Metaspace       used 89762K, committed 90432K, reserved 1179648K
  class space    used 12268K, committed 12544K, reserved 1048576K
}
Event: 48.770 GC heap before
{Heap before GC invocations=37 (full 0):
 garbage-first heap   total 227328K, used 179859K [0x00000000a0000000, 0x0000000100000000)
  region size 1024K, 94 young (96256K), 2 survivors (2048K)
 Metaspace       used 96677K, committed 97536K, reserved 1179648K
  class space    used 13277K, committed 13632K, reserved 1048576K
}
Event: 48.787 GC heap after
{Heap after GC invocations=38 (full 0):
 garbage-first heap   total 227328K, used 100776K [0x00000000a0000000, 0x0000000100000000)
  region size 1024K, 12 young (12288K), 12 survivors (12288K)
 Metaspace       used 96677K, committed 97536K, reserved 1179648K
  class space    used 13277K, committed 13632K, reserved 1048576K
}
Event: 52.265 GC heap before
{Heap before GC invocations=38 (full 0):
 garbage-first heap   total 227328K, used 180648K [0x00000000a0000000, 0x0000000100000000)
  region size 1024K, 90 young (92160K), 12 survivors (12288K)
 Metaspace       used 100260K, committed 101120K, reserved 1179648K
  class space    used 13742K, committed 14080K, reserved 1048576K
}
Event: 52.284 GC heap after
{Heap after GC invocations=39 (full 0):
 garbage-first heap   total 227328K, used 112106K [0x00000000a0000000, 0x0000000100000000)
  region size 1024K, 11 young (11264K), 11 survivors (11264K)
 Metaspace       used 100260K, committed 101120K, reserved 1179648K
  class space    used 13742K, committed 14080K, reserved 1048576K
}

