# JRE version: OpenJDK Runtime Environment (17.0.7) (build 17.0.7+0-b2043.56-10550314)
# Java VM: OpenJDK 64-Bit Server VM (17.0.7+0-b2043.56-10550314, mixed mode, tiered, compressed oops, compressed class ptrs, g1 gc, windows-amd64)
GC Precious Log:
 CPUs: 8 total, 8 available
 Memory: 20354M
 Large Page Support: Disabled
 NUMA Support: Disabled
 Compressed Oops: Enabled (32-bit)
 Heap Region Size: 1M
 Heap Min Capacity: 8M
 Heap Initial Capacity: 320M
 Heap Max Capacity: 1536M
 Pre-touch: Disabled
 Parallel Workers: 8
 Concurrent Workers: 2
 Concurrent Refinement Workers: 8
 Periodic GC: Disabled
Heap:
 garbage-first heap   total 209920K, used 132643K [0x00000000a0000000, 0x0000000100000000)
  region size 1024K, 18 young (18432K), 5 survivors (5120K)
 Metaspace       used 109190K, committed 110016K, reserved 1179648K
  class space    used 14988K, committed 15360K, reserved 1048576K
GC Heap History (20 events):
Event: 40.814 GC heap before
{Heap before GC invocations=57 (full 0):
 garbage-first heap   total 150528K, used 119686K [0x00000000a0000000, 0x0000000100000000)
  region size 1024K, 32 young (32768K), 4 survivors (4096K)
 Metaspace       used 95685K, committed 96448K, reserved 1179648K
  class space    used 13205K, committed 13504K, reserved 1048576K
}
Event: 40.822 GC heap after
{Heap after GC invocations=58 (full 0):
 garbage-first heap   total 150528K, used 93274K [0x00000000a0000000, 0x0000000100000000)
  region size 1024K, 2 young (2048K), 2 survivors (2048K)
 Metaspace       used 95685K, committed 96448K, reserved 1179648K
  class space    used 13205K, committed 13504K, reserved 1048576K
}
Event: 41.702 GC heap before
{Heap before GC invocations=59 (full 0):
 garbage-first heap   total 165888K, used 120922K [0x00000000a0000000, 0x0000000100000000)
  region size 1024K, 29 young (29696K), 2 survivors (2048K)
 Metaspace       used 97495K, committed 98240K, reserved 1179648K
  class space    used 13442K, committed 13760K, reserved 1048576K
}
Event: 41.710 GC heap after
{Heap after GC invocations=60 (full 0):
 garbage-first heap   total 165888K, used 95879K [0x00000000a0000000, 0x0000000100000000)
  region size 1024K, 4 young (4096K), 4 survivors (4096K)
 Metaspace       used 97495K, committed 98240K, reserved 1179648K
  class space    used 13442K, committed 13760K, reserved 1048576K
}
Event: 41.888 GC heap before
{Heap before GC invocations=60 (full 0):
 garbage-first heap   total 165888K, used 99975K [0x00000000a0000000, 0x0000000100000000)
  region size 1024K, 8 young (8192K), 4 survivors (4096K)
 Metaspace       used 97863K, committed 98624K, reserved 1179648K
  class space    used 13507K, committed 13824K, reserved 1048576K
}
Event: 41.898 GC heap after
{Heap after GC invocations=61 (full 0):
 garbage-first heap   total 165888K, used 96568K [0x00000000a0000000, 0x0000000100000000)
  region size 1024K, 1 young (1024K), 1 survivors (1024K)
 Metaspace       used 97863K, committed 98624K, reserved 1179648K
  class space    used 13507K, committed 13824K, reserved 1048576K
}
Event: 42.747 GC heap before
{Heap before GC invocations=61 (full 0):
 garbage-first heap   total 165888K, used 131384K [0x00000000a0000000, 0x0000000100000000)
  region size 1024K, 35 young (35840K), 1 survivors (1024K)
 Metaspace       used 98979K, committed 99840K, reserved 1179648K
  class space    used 13648K, committed 14016K, reserved 1048576K
}
Event: 42.758 GC heap after
{Heap after GC invocations=62 (full 0):
 garbage-first heap   total 199680K, used 100423K [0x00000000a0000000, 0x0000000100000000)
  region size 1024K, 5 young (5120K), 5 survivors (5120K)
 Metaspace       used 98979K, committed 99840K, reserved 1179648K
  class space    used 13648K, committed 14016K, reserved 1048576K
}
Event: 44.514 GC heap before
{Heap before GC invocations=63 (full 0):
 garbage-first heap   total 199680K, used 151623K [0x00000000a0000000, 0x0000000100000000)
  region size 1024K, 56 young (57344K), 5 survivors (5120K)
 Metaspace       used 101728K, committed 102592K, reserved 1179648K
  class space    used 13954K, committed 14336K, reserved 1048576K
}
Event: 44.527 GC heap after
{Heap after GC invocations=64 (full 0):
 garbage-first heap   total 199680K, used 106191K [0x00000000a0000000, 0x0000000100000000)
  region size 1024K, 6 young (6144K), 6 survivors (6144K)
 Metaspace       used 101728K, committed 102592K, reserved 1179648K
  class space    used 13954K, committed 14336K, reserved 1048576K
}
Event: 44.541 GC heap before
{Heap before GC invocations=64 (full 0):
 garbage-first heap   total 199680K, used 109263K [0x00000000a0000000, 0x0000000100000000)
  region size 1024K, 9 young (9216K), 6 survivors (6144K)
 Metaspace       used 101733K, committed 102592K, reserved 1179648K
  class space    used 13954K, committed 14336K, reserved 1048576K
}
Event: 44.549 GC heap after
{Heap after GC invocations=65 (full 0):
 garbage-first heap   total 199680K, used 106165K [0x00000000a0000000, 0x0000000100000000)
  region size 1024K, 1 young (1024K), 1 survivors (1024K)
 Metaspace       used 101733K, committed 102592K, reserved 1179648K
  class space    used 13954K, committed 14336K, reserved 1048576K
}
Event: 62.023 GC heap before
{Heap before GC invocations=65 (full 0):
 garbage-first heap   total 199680K, used 155317K [0x00000000a0000000, 0x0000000100000000)
  region size 1024K, 50 young (51200K), 1 survivors (1024K)
 Metaspace       used 103793K, committed 104640K, reserved 1179648K
  class space    used 14317K, committed 14720K, reserved 1048576K
}
Event: 62.029 GC heap after
{Heap after GC invocations=66 (full 0):
 garbage-first heap   total 199680K, used 109652K [0x00000000a0000000, 0x0000000100000000)
  region size 1024K, 4 young (4096K), 4 survivors (4096K)
 Metaspace       used 103793K, committed 104640K, reserved 1179648K
  class space    used 14317K, committed 14720K, reserved 1048576K
}
Event: 64.003 GC heap before
{Heap before GC invocations=67 (full 0):
 garbage-first heap   total 199680K, used 158804K [0x00000000a0000000, 0x0000000100000000)
  region size 1024K, 53 young (54272K), 4 survivors (4096K)
 Metaspace       used 106239K, committed 107072K, reserved 1179648K
  class space    used 14582K, committed 14976K, reserved 1048576K
}
Event: 64.016 GC heap after
{Heap after GC invocations=68 (full 0):
 garbage-first heap   total 199680K, used 113822K [0x00000000a0000000, 0x0000000100000000)
  region size 1024K, 7 young (7168K), 7 survivors (7168K)
 Metaspace       used 106239K, committed 107072K, reserved 1179648K
  class space    used 14582K, committed 14976K, reserved 1048576K
}
Event: 64.072 GC heap before
{Heap before GC invocations=68 (full 0):
 garbage-first heap   total 199680K, used 115870K [0x00000000a0000000, 0x0000000100000000)
  region size 1024K, 9 young (9216K), 7 survivors (7168K)
 Metaspace       used 106460K, committed 107328K, reserved 1179648K
  class space    used 14611K, committed 14976K, reserved 1048576K
}
Event: 64.083 GC heap after
{Heap after GC invocations=69 (full 0):
 garbage-first heap   total 199680K, used 114362K [0x00000000a0000000, 0x0000000100000000)
  region size 1024K, 2 young (2048K), 2 survivors (2048K)
 Metaspace       used 106460K, committed 107328K, reserved 1179648K
  class space    used 14611K, committed 14976K, reserved 1048576K
}
Event: 65.474 GC heap before
{Heap before GC invocations=69 (full 0):
 garbage-first heap   total 199680K, used 162490K [0x00000000a0000000, 0x0000000100000000)
  region size 1024K, 48 young (49152K), 2 survivors (2048K)
 Metaspace       used 108623K, committed 109504K, reserved 1179648K
  class space    used 14922K, committed 15296K, reserved 1048576K
}
Event: 65.483 GC heap after
{Heap after GC invocations=70 (full 0):
 garbage-first heap   total 199680K, used 120355K [0x00000000a0000000, 0x0000000100000000)
  region size 1024K, 5 young (5120K), 5 survivors (5120K)
 Metaspace       used 108623K, committed 109504K, reserved 1179648K
  class space    used 14922K, committed 15296K, reserved 1048576K
}

